Change Component Designator: OldDesignator=J4_U_moterdriver1 NewDesignator=Motor_U_moterdriver1
Change Component Designator: OldDesignator=J4_U_moterdriver2 NewDesignator=Motor_U_moterdriver2
Add Pin To Net: Unknown Pin: Pin J2-1 DTR
Add Pin To Net: Unknown Pin: Pin J2-2 RX
Add Pin To Net: Unknown Pin: Pin J2-3 TX
Add Pin To Net: Unknown Pin: Pin J2-4 VCC
Add Pin To Net: Unknown Pin: Pin J2-5 GND
Add Pin To Net: Unknown Pin: Pin J2-6 GND
Add Pin To Net: Unknown Pin: Pin J3-GND
Add Pin To Net: Unknown Pin: Pin J3-MISO
Add Pin To Net: Unknown Pin: Pin J3-MOSI
Add Pin To Net: Unknown Pin: Pin J3-RESET
Add Pin To Net: Unknown Pin: Pin J3-SCK
Add Pin To Net: Unknown Pin: Pin J3-VCC
Added Pin To Net: NetName=NetMotor_U_moterdriver1_A1 Pin=U4_U_moterdriver1-12
Added Net: Name=NetMotor_U_moterdriver1_A1
Added Pin To Net: NetName=NetMotor_U_moterdriver1_A2 Pin=U4_U_moterdriver1-11
Added Net: Name=NetMotor_U_moterdriver1_A2
Added Pin To Net: NetName=NetMotor_U_moterdriver1_B1 Pin=U4_U_moterdriver1-13
Added Net: Name=NetMotor_U_moterdriver1_B1
Added Pin To Net: NetName=NetMotor_U_moterdriver1_B2 Pin=U4_U_moterdriver1-14
Added Net: Name=NetMotor_U_moterdriver1_B2
Added Pin To Net: NetName=NetMotor_U_moterdriver2_A1 Pin=U4_U_moterdriver2-12
Added Net: Name=NetMotor_U_moterdriver2_A1
Added Pin To Net: NetName=NetMotor_U_moterdriver2_A2 Pin=U4_U_moterdriver2-11
Added Net: Name=NetMotor_U_moterdriver2_A2
Added Pin To Net: NetName=NetMotor_U_moterdriver2_B1 Pin=U4_U_moterdriver2-13
Added Net: Name=NetMotor_U_moterdriver2_B1
Added Pin To Net: NetName=NetMotor_U_moterdriver2_B2 Pin=U4_U_moterdriver2-14
Added Net: Name=NetMotor_U_moterdriver2_B2
Added Room: Name=U_atmel
Added Room: Name=U_inputs
Added Room: Name=U_moterdriver1
Added Room: Name=U_moterdriver2
Added Room: Name=U_power supply
