Change Component Footprint: Designator=R1 Old Footprint=RES_AC01_VIS New Footprint=RES_AC01_VIS
Change Component Footprint: Designator=R2 Old Footprint=RES_AC01_VIS New Footprint=RES_AC01_VIS
Change Component Footprint: Designator=R3 Old Footprint=RES_AC01_VIS New Footprint=RES_AC01_VIS
Change Component Footprint: Designator=R4 Old Footprint=RES_AC01_VIS New Footprint=RES_AC01_VIS
Change Component Footprint: Designator=R5 Old Footprint=RES_AC01_VIS New Footprint=RES_AC01_VIS
Change Component Footprint: Designator=R6 Old Footprint=RES_AC01_VIS New Footprint=RES_AC01_VIS
Change Component Footprint: Designator=R7 Old Footprint=RES_AC01_VIS New Footprint=RES_AC01_VIS
Change Component Designator: OldDesignator=J?_U_moterdriver1 NewDesignator=J4_U_moterdriver1
Change Component Designator: OldDesignator=J?_U_moterdriver2 NewDesignator=J4_U_moterdriver2
Change Component Designator: OldDesignator=U?_U_moterdriver1 NewDesignator=U4_U_moterdriver1
Change Component Designator: OldDesignator=U?_U_moterdriver2 NewDesignator=U4_U_moterdriver2
Add Pin To Net: Unknown Pin: Pin J2-1 DTR
Add Pin To Net: Unknown Pin: Pin J2-2 RX
Add Pin To Net: Unknown Pin: Pin J2-3 TX
Add Pin To Net: Unknown Pin: Pin J2-4 VCC
Add Pin To Net: Unknown Pin: Pin J2-5 GND
Add Pin To Net: Unknown Pin: Pin J2-6 GND
Add Pin To Net: Unknown Pin: Pin J3-GND
Add Pin To Net: Unknown Pin: Pin J3-MISO
Add Pin To Net: Unknown Pin: Pin J3-MOSI
Add Pin To Net: Unknown Pin: Pin J3-RESET
Add Pin To Net: Unknown Pin: Pin J3-SCK
Add Pin To Net: Unknown Pin: Pin J3-VCC
Added Pin To Net: NetName=NetJ4_U_moterdriver1_A1 Pin=U4_U_moterdriver1-12
Added Net: Name=NetJ4_U_moterdriver1_A1
Added Pin To Net: NetName=NetJ4_U_moterdriver1_A2 Pin=U4_U_moterdriver1-11
Added Net: Name=NetJ4_U_moterdriver1_A2
Added Pin To Net: NetName=NetJ4_U_moterdriver1_B1 Pin=U4_U_moterdriver1-13
Added Net: Name=NetJ4_U_moterdriver1_B1
Added Pin To Net: NetName=NetJ4_U_moterdriver1_B2 Pin=U4_U_moterdriver1-14
Added Net: Name=NetJ4_U_moterdriver1_B2
Added Pin To Net: NetName=NetJ4_U_moterdriver2_A1 Pin=U4_U_moterdriver2-12
Added Net: Name=NetJ4_U_moterdriver2_A1
Added Pin To Net: NetName=NetJ4_U_moterdriver2_A2 Pin=U4_U_moterdriver2-11
Added Net: Name=NetJ4_U_moterdriver2_A2
Added Pin To Net: NetName=NetJ4_U_moterdriver2_B1 Pin=U4_U_moterdriver2-13
Added Net: Name=NetJ4_U_moterdriver2_B1
Added Pin To Net: NetName=NetJ4_U_moterdriver2_B2 Pin=U4_U_moterdriver2-14
Added Net: Name=NetJ4_U_moterdriver2_B2
Added Room: Name=U_atmel
Added Room: Name=U_inputs
Added Room: Name=U_moterdriver1
Added Room: Name=U_moterdriver2
Added Room: Name=U_power supply
